<?xml version="1.0" encoding="UTF-8"?>
<!-- Generated by org.testng.reporters.JUnitXMLReporter -->
<testsuite hostname="DESKTOP-OOM73IS" ignored="0" name="Command line test" tests="4" failures="0" timestamp="2022-06-13T11:15:17 IST" time="47.873" errors="0">
  <testcase name="selection" time="20.434" classname="Maven_practice.Practice1Test"/>
  <testcase name="sel" time="1.994" classname="Maven_practice.Practice4Test"/>
  <testcase name="disp" time="13.18" classname="Maven_practice.Practice5Test"/>
  <testcase name="select" time="12.178" classname="Maven_practice.SelectTest"/>
</testsuite> <!-- Command line test -->
